<?xml version="1.0" encoding="UTF-8"?>
<!-- Generated by org.testng.reporters.JUnitReportReporter -->
<testsuite skipped="0" hostname="HP-PC" name="com.sgtesting.testng.Assignment9" tests="15" failures="0" timestamp="2021-06-02T10:18:01 IST" time="137.109" errors="0">
  <testcase name="runPrerequisite" time="12.601" classname="com.sgtesting.testng.Assignment9"/>
  <system-out/>
  <testcase name="createUser1" time="7.321" classname="com.sgtesting.testng.Assignment9"/>
  <system-out/>
  <testcase name="loginuser1" time="5.910" classname="com.sgtesting.testng.Assignment9"/>
  <system-out/>
  <testcase name="createUser2" time="6.482" classname="com.sgtesting.testng.Assignment9"/>
  <system-out/>
  <testcase name="loginuser2" time="5.885" classname="com.sgtesting.testng.Assignment9"/>
  <system-out/>
  <testcase name="createUser3" time="11.604" classname="com.sgtesting.testng.Assignment9"/>
  <system-out/>
  <testcase name="modifyUser1" time="12.692" classname="com.sgtesting.testng.Assignment9"/>
  <system-out/>
  <testcase name="loginModifieduser1" time="3.999" classname="com.sgtesting.testng.Assignment9"/>
  <system-out/>
  <testcase name="modifyUser2" time="12.982" classname="com.sgtesting.testng.Assignment9"/>
  <system-out/>
  <testcase name="loginModifieduser2" time="3.852" classname="com.sgtesting.testng.Assignment9"/>
  <system-out/>
  <testcase name="modifyUser3" time="12.749" classname="com.sgtesting.testng.Assignment9"/>
  <system-out/>
  <testcase name="deleteuser3" time="13.694" classname="com.sgtesting.testng.Assignment9"/>
  <system-out/>
  <testcase name="deleteuser2" time="13.465" classname="com.sgtesting.testng.Assignment9"/>
  <system-out/>
  <testcase name="deleteuser1" time="11.406" classname="com.sgtesting.testng.Assignment9"/>
  <system-out/>
  <testcase name="postrequistes" time="2.467" classname="com.sgtesting.testng.Assignment9"/>
  <system-out/>
</testsuite> <!-- com.sgtesting.testng.Assignment9 -->
