<?xml version="1.0" encoding="UTF-8"?>
<!-- Generated by org.testng.reporters.JUnitReportReporter -->
<testsuite skipped="0" hostname="HP-PC" name="com.sgtesting.testng.Assignment2" tests="9" failures="0" timestamp="2021-06-02T10:18:01 IST" time="35.806" errors="0">
  <testcase name="launchBrowser" time="1.856" classname="com.sgtesting.testng.Assignment2"/>
  <system-out/>
  <testcase name="navigate" time="5.052" classname="com.sgtesting.testng.Assignment2"/>
  <system-out/>
  <testcase name="login" time="5.351" classname="com.sgtesting.testng.Assignment2"/>
  <system-out/>
  <testcase name="minimizeFlyOutWindow" time="1.085" classname="com.sgtesting.testng.Assignment2"/>
  <system-out/>
  <testcase name="createUser" time="8.484" classname="com.sgtesting.testng.Assignment2"/>
  <system-out/>
  <testcase name="modifyUser" time="6.845" classname="com.sgtesting.testng.Assignment2"/>
  <system-out/>
  <testcase name="deleteUser" time="6.564" classname="com.sgtesting.testng.Assignment2"/>
  <system-out/>
  <testcase name="logout" time="0.380" classname="com.sgtesting.testng.Assignment2"/>
  <system-out/>
  <testcase name="closeBrowser" time="0.189" classname="com.sgtesting.testng.Assignment2"/>
  <system-out/>
</testsuite> <!-- com.sgtesting.testng.Assignment2 -->
