<?xml version="1.0" encoding="UTF-8"?>
<!-- Generated by org.testng.reporters.JUnitReportReporter -->
<testsuite skipped="0" hostname="HP-PC" name="com.sgtesting.testng.Assignment8" tests="7" failures="0" timestamp="2021-06-02T10:18:01 IST" time="186.912" errors="0">
  <testcase name="runPrerequisite" time="16.894" classname="com.sgtesting.testng.Assignment8"/>
  <system-out/>
  <testcase name="create3Users" time="42.375" classname="com.sgtesting.testng.Assignment8"/>
  <system-out/>
  <testcase name="loginandlogoutuser1" time="25.071" classname="com.sgtesting.testng.Assignment8"/>
  <system-out/>
  <testcase name="loginandlogoutuser2" time="20.777" classname="com.sgtesting.testng.Assignment8"/>
  <system-out/>
  <testcase name="loginandlogoutuser3" time="21.096" classname="com.sgtesting.testng.Assignment8"/>
  <system-out/>
  <testcase name="deleteUser" time="60.285" classname="com.sgtesting.testng.Assignment8"/>
  <system-out/>
  <testcase name="postrequistes" time="0.414" classname="com.sgtesting.testng.Assignment8"/>
  <system-out/>
</testsuite> <!-- com.sgtesting.testng.Assignment8 -->
