<?xml version="1.0" encoding="UTF-8"?>
<!-- Generated by org.testng.reporters.JUnitReportReporter -->
<testsuite skipped="0" hostname="HP-PC" name="com.sgtesting.log4j.Assignment1" tests="8" failures="0" timestamp="2021-06-02T20:37:30 IST" time="32.593" errors="0">
  <testcase name="launchBrowser" time="3.630" classname="com.sgtesting.log4j.Assignment1"/>
  <system-out/>
  <testcase name="navigate" time="4.076" classname="com.sgtesting.log4j.Assignment1"/>
  <system-out/>
  <testcase name="login" time="4.272" classname="com.sgtesting.log4j.Assignment1"/>
  <system-out/>
  <testcase name="minimizeFlyOutWindow" time="1.100" classname="com.sgtesting.log4j.Assignment1"/>
  <system-out/>
  <testcase name="createUser" time="9.935" classname="com.sgtesting.log4j.Assignment1"/>
  <system-out/>
  <testcase name="deleteUser" time="8.816" classname="com.sgtesting.log4j.Assignment1"/>
  <system-out/>
  <testcase name="logout" time="0.412" classname="com.sgtesting.log4j.Assignment1"/>
  <system-out/>
  <testcase name="closeBrowser" time="0.352" classname="com.sgtesting.log4j.Assignment1"/>
  <system-out/>
</testsuite> <!-- com.sgtesting.log4j.Assignment1 -->
