<?xml version="1.0" encoding="UTF-8"?>
<!-- Generated by org.testng.reporters.JUnitReportReporter -->
<testsuite skipped="0" hostname="HP-PC" name="com.sgtesting.testng.Assignment6" tests="11" failures="0" timestamp="2021-06-02T10:18:01 IST" time="60.053" errors="0">
  <testcase name="launchBrowser" time="1.946" classname="com.sgtesting.testng.Assignment6"/>
  <system-out/>
  <testcase name="navigate" time="4.256" classname="com.sgtesting.testng.Assignment6"/>
  <system-out/>
  <testcase name="login" time="4.332" classname="com.sgtesting.testng.Assignment6"/>
  <system-out/>
  <testcase name="minimizeFlyOutWindow" time="2.086" classname="com.sgtesting.testng.Assignment6"/>
  <system-out/>
  <testcase name="createCustomer" time="9.079" classname="com.sgtesting.testng.Assignment6"/>
  <system-out/>
  <testcase name="createProject" time="8.386" classname="com.sgtesting.testng.Assignment6"/>
  <system-out/>
  <testcase name="modifyProject" time="9.399" classname="com.sgtesting.testng.Assignment6"/>
  <system-out/>
  <testcase name="deleteProject" time="12.415" classname="com.sgtesting.testng.Assignment6"/>
  <system-out/>
  <testcase name="deleteCustomer" time="7.423" classname="com.sgtesting.testng.Assignment6"/>
  <system-out/>
  <testcase name="logout" time="0.622" classname="com.sgtesting.testng.Assignment6"/>
  <system-out/>
  <testcase name="closeBrowser" time="0.109" classname="com.sgtesting.testng.Assignment6"/>
  <system-out/>
</testsuite> <!-- com.sgtesting.testng.Assignment6 -->
