<?xml version="1.0" encoding="UTF-8"?>
<!-- Generated by org.testng.reporters.JUnitReportReporter -->
<testsuite skipped="0" hostname="HP-PC" name="com.sgtesting.testng.Assignment5" tests="10" failures="0" timestamp="2021-06-02T10:18:01 IST" time="52.972" errors="0">
  <testcase name="launchBrowser" time="2.597" classname="com.sgtesting.testng.Assignment5"/>
  <system-out/>
  <testcase name="navigate" time="3.891" classname="com.sgtesting.testng.Assignment5"/>
  <system-out/>
  <testcase name="login" time="5.308" classname="com.sgtesting.testng.Assignment5"/>
  <system-out/>
  <testcase name="minimizeFlyOutWindow" time="2.106" classname="com.sgtesting.testng.Assignment5"/>
  <system-out/>
  <testcase name="createCustomer" time="11.080" classname="com.sgtesting.testng.Assignment5"/>
  <system-out/>
  <testcase name="createProject" time="7.381" classname="com.sgtesting.testng.Assignment5"/>
  <system-out/>
  <testcase name="deleteProject" time="12.430" classname="com.sgtesting.testng.Assignment5"/>
  <system-out/>
  <testcase name="deleteCustomer" time="7.422" classname="com.sgtesting.testng.Assignment5"/>
  <system-out/>
  <testcase name="logout" time="0.641" classname="com.sgtesting.testng.Assignment5"/>
  <system-out/>
  <testcase name="closeBrowser" time="0.116" classname="com.sgtesting.testng.Assignment5"/>
  <system-out/>
</testsuite> <!-- com.sgtesting.testng.Assignment5 -->
