<?xml version="1.0" encoding="UTF-8"?>
<!-- Generated by org.testng.reporters.JUnitReportReporter -->
<testsuite skipped="0" hostname="HP-PC" name="com.sgtesting.testng.Assignment7" tests="10" failures="0" timestamp="2021-06-02T10:18:01 IST" time="88.337" errors="0">
  <testcase name="launchBrowser" time="1.910" classname="com.sgtesting.testng.Assignment7"/>
  <system-out/>
  <testcase name="navigate" time="3.943" classname="com.sgtesting.testng.Assignment7"/>
  <system-out/>
  <testcase name="login" time="4.324" classname="com.sgtesting.testng.Assignment7"/>
  <system-out/>
  <testcase name="minimizeFlyOutWindow" time="2.086" classname="com.sgtesting.testng.Assignment7"/>
  <system-out/>
  <testcase name="createCustomer" time="11.092" classname="com.sgtesting.testng.Assignment7"/>
  <system-out/>
  <testcase name="createProject" time="8.390" classname="com.sgtesting.testng.Assignment7"/>
  <system-out/>
  <testcase name="createTask" time="14.741" classname="com.sgtesting.testng.Assignment7"/>
  <system-out/>
  <testcase name="deleteTask" time="41.104" classname="com.sgtesting.testng.Assignment7"/>
  <system-out/>
  <testcase name="logout" time="0.312" classname="com.sgtesting.testng.Assignment7"/>
  <system-out/>
  <testcase name="closeBrowser" time="0.435" classname="com.sgtesting.testng.Assignment7"/>
  <system-out/>
</testsuite> <!-- com.sgtesting.testng.Assignment7 -->
