<?xml version="1.0" encoding="UTF-8"?>
<!-- Generated by org.testng.reporters.JUnitReportReporter -->
<testsuite skipped="0" hostname="HP-PC" name="com.sgtesting.testng.Assignment3" tests="8" failures="0" timestamp="2021-06-02T10:18:01 IST" time="39.329" errors="0">
  <testcase name="launchBrowser" time="1.847" classname="com.sgtesting.testng.Assignment3"/>
  <system-out/>
  <testcase name="navigate" time="4.376" classname="com.sgtesting.testng.Assignment3"/>
  <system-out/>
  <testcase name="login" time="5.302" classname="com.sgtesting.testng.Assignment3"/>
  <system-out/>
  <testcase name="minimizeFlyOutWindow" time="3.392" classname="com.sgtesting.testng.Assignment3"/>
  <system-out/>
  <testcase name="createCustomer" time="12.175" classname="com.sgtesting.testng.Assignment3"/>
  <system-out/>
  <testcase name="deleteCustomer" time="11.411" classname="com.sgtesting.testng.Assignment3"/>
  <system-out/>
  <testcase name="logout" time="0.668" classname="com.sgtesting.testng.Assignment3"/>
  <system-out/>
  <testcase name="closeBrowser" time="0.158" classname="com.sgtesting.testng.Assignment3"/>
  <system-out/>
</testsuite> <!-- com.sgtesting.testng.Assignment3 -->
