<?xml version="1.0" encoding="UTF-8"?>
<!-- Generated by org.testng.reporters.JUnitReportReporter -->
<testsuite skipped="0" hostname="HP-PC" name="com.sgtesting.testng.Assignment1" tests="8" failures="0" timestamp="2021-06-02T10:18:01 IST" time="30.812" errors="0">
  <testcase name="launchBrowser" time="3.838" classname="com.sgtesting.testng.Assignment1"/>
  <system-out/>
  <testcase name="navigate" time="4.023" classname="com.sgtesting.testng.Assignment1"/>
  <system-out/>
  <testcase name="login" time="4.274" classname="com.sgtesting.testng.Assignment1"/>
  <system-out/>
  <testcase name="minimizeFlyOutWindow" time="1.084" classname="com.sgtesting.testng.Assignment1"/>
  <system-out/>
  <testcase name="createUser" time="8.567" classname="com.sgtesting.testng.Assignment1"/>
  <system-out/>
  <testcase name="deleteUser" time="8.237" classname="com.sgtesting.testng.Assignment1"/>
  <system-out/>
  <testcase name="logout" time="0.618" classname="com.sgtesting.testng.Assignment1"/>
  <system-out/>
  <testcase name="closeBrowser" time="0.171" classname="com.sgtesting.testng.Assignment1"/>
  <system-out/>
</testsuite> <!-- com.sgtesting.testng.Assignment1 -->
