<?xml version="1.0" encoding="UTF-8"?>
<!-- Generated by org.testng.reporters.JUnitReportReporter -->
<testsuite skipped="0" hostname="HP-PC" name="com.sgtesting.testng.Assignment4" tests="9" failures="0" timestamp="2021-06-02T10:18:01 IST" time="45.631" errors="0">
  <testcase name="launchBrowser" time="1.816" classname="com.sgtesting.testng.Assignment4"/>
  <system-out/>
  <testcase name="navigate" time="4.309" classname="com.sgtesting.testng.Assignment4"/>
  <system-out/>
  <testcase name="login" time="5.253" classname="com.sgtesting.testng.Assignment4"/>
  <system-out/>
  <testcase name="minimizeFlyOutWindow" time="2.087" classname="com.sgtesting.testng.Assignment4"/>
  <system-out/>
  <testcase name="createCustomer" time="10.969" classname="com.sgtesting.testng.Assignment4"/>
  <system-out/>
  <testcase name="modifyCustomer" time="9.387" classname="com.sgtesting.testng.Assignment4"/>
  <system-out/>
  <testcase name="deleteCustomer" time="11.427" classname="com.sgtesting.testng.Assignment4"/>
  <system-out/>
  <testcase name="logout" time="0.285" classname="com.sgtesting.testng.Assignment4"/>
  <system-out/>
  <testcase name="closeBrowser" time="0.098" classname="com.sgtesting.testng.Assignment4"/>
  <system-out/>
</testsuite> <!-- com.sgtesting.testng.Assignment4 -->
