<?xml version="1.0" encoding="UTF-8"?>
<!-- Generated by org.testng.reporters.JUnitReportReporter -->
<testsuite skipped="0" hostname="DESKTOP-IR0K7AC" name="com.sgtesting.testscripts.LoginLogout" tests="6" failures="0" timestamp="31 May 2021 14:15:52 GMT" time="54.247" errors="0">
  <testcase name="launchBrowser" time="2.685" classname="com.sgtesting.testscripts.LoginLogout"/>
  <testcase name="navigate" time="21.596" classname="com.sgtesting.testscripts.LoginLogout"/>
  <testcase name="login" time="8.523" classname="com.sgtesting.testscripts.LoginLogout"/>
  <testcase name="login" time="8.626" classname="com.sgtesting.testscripts.LoginLogout"/>
  <testcase name="login" time="12.645" classname="com.sgtesting.testscripts.LoginLogout"/>
  <testcase name="closeApplication" time="0.172" classname="com.sgtesting.testscripts.LoginLogout"/>
</testsuite> <!-- com.sgtesting.testscripts.LoginLogout -->
