<?xml version="1.0" encoding="UTF-8"?>
<!-- Generated by org.testng.reporters.JUnitReportReporter -->
<testsuite skipped="0" hostname="DESKTOP-UQP0FL8" name="com.sgtesting.Testng.Assignments1" tests="8" failures="0" timestamp="2021-06-02T17:39:35 IST" time="96.490" errors="0">
  <testcase name="launchBrowser" time="29.576" classname="com.sgtesting.Testng.Assignments1"/>
  <system-out/>
  <testcase name="navigate" time="53.640" classname="com.sgtesting.Testng.Assignments1"/>
  <system-out/>
  <testcase name="login" time="7.596" classname="com.sgtesting.Testng.Assignments1"/>
  <system-out/>
  <testcase name="minimizeFlyOutWindow" time="0.803" classname="com.sgtesting.Testng.Assignments1"/>
  <system-out/>
  <testcase name="createUser" time="0.079" classname="com.sgtesting.Testng.Assignments1"/>
  <system-out/>
  <testcase name="deleteUser" time="0.048" classname="com.sgtesting.Testng.Assignments1"/>
  <system-out/>
  <testcase name="logout" time="0.512" classname="com.sgtesting.Testng.Assignments1"/>
  <system-out/>
  <testcase name="closeApplication" time="4.236" classname="com.sgtesting.Testng.Assignments1"/>
  <system-out/>
</testsuite> <!-- com.sgtesting.Testng.Assignments1 -->
