<?xml version="1.0" encoding="UTF-8"?>
<!-- Generated by org.testng.reporters.JUnitReportReporter -->
<testsuite skipped="0" hostname="DESKTOP-UQP0FL8" name="com.sgtesting.Testng.Assignment7" tests="10" failures="0" timestamp="2021-06-02T17:39:35 IST" time="63.110" errors="0">
  <testcase name="launchBrowser" time="13.019" classname="com.sgtesting.Testng.Assignment7"/>
  <system-out/>
  <testcase name="navigate" time="18.124" classname="com.sgtesting.Testng.Assignment7"/>
  <system-out/>
  <testcase name="login" time="4.322" classname="com.sgtesting.Testng.Assignment7"/>
  <system-out/>
  <testcase name="minimizeFlyOutWindow" time="9.234" classname="com.sgtesting.Testng.Assignment7"/>
  <system-out/>
  <testcase name="createCustomer" time="11.912" classname="com.sgtesting.Testng.Assignment7"/>
  <system-out/>
  <testcase name="createProject" time="1.273" classname="com.sgtesting.Testng.Assignment7"/>
  <system-out/>
  <testcase name="createTasks" time="1.162" classname="com.sgtesting.Testng.Assignment7"/>
  <system-out/>
  <testcase name="deleteTasks" time="0.157" classname="com.sgtesting.Testng.Assignment7"/>
  <system-out/>
  <testcase name="logout" time="1.354" classname="com.sgtesting.Testng.Assignment7"/>
  <system-out/>
  <testcase name="closeApplication" time="2.553" classname="com.sgtesting.Testng.Assignment7"/>
  <system-out/>
</testsuite> <!-- com.sgtesting.Testng.Assignment7 -->
