<?xml version="1.0" encoding="UTF-8"?>
<!-- Generated by org.testng.reporters.JUnitReportReporter -->
<testsuite skipped="0" hostname="DESKTOP-UQP0FL8" name="com.sgtesting.Testng.Assignment5" tests="10" failures="0" timestamp="2021-06-02T17:39:35 IST" time="176.814" errors="0">
  <testcase name="launchBrowser" time="6.999" classname="com.sgtesting.Testng.Assignment5"/>
  <system-out/>
  <testcase name="navigate" time="135.689" classname="com.sgtesting.Testng.Assignment5"/>
  <system-out/>
  <testcase name="login" time="3.989" classname="com.sgtesting.Testng.Assignment5"/>
  <system-out/>
  <testcase name="minimizeFlyOutWindow" time="0.047" classname="com.sgtesting.Testng.Assignment5"/>
  <system-out/>
  <testcase name="createCustomer" time="0.151" classname="com.sgtesting.Testng.Assignment5"/>
  <system-out/>
  <testcase name="createProject" time="0.212" classname="com.sgtesting.Testng.Assignment5"/>
  <system-out/>
  <testcase name="deleteProject" time="0.119" classname="com.sgtesting.Testng.Assignment5"/>
  <system-out/>
  <testcase name="deleteCustomer" time="0.076" classname="com.sgtesting.Testng.Assignment5"/>
  <system-out/>
  <testcase name="logout" time="0.677" classname="com.sgtesting.Testng.Assignment5"/>
  <system-out/>
  <testcase name="closeApplication" time="28.855" classname="com.sgtesting.Testng.Assignment5"/>
  <system-out/>
</testsuite> <!-- com.sgtesting.Testng.Assignment5 -->
