<?xml version="1.0" encoding="UTF-8"?>
<!-- Generated by org.testng.reporters.JUnitReportReporter -->
<testsuite skipped="0" hostname="DESKTOP-UQP0FL8" name="com.sgtesting.Testng.Assignment8" tests="11" failures="0" timestamp="2021-06-02T17:39:35 IST" time="20.481" errors="0">
  <testcase name="launchBrowser" time="8.427" classname="com.sgtesting.Testng.Assignment8"/>
  <system-out/>
  <testcase name="navigate" time="11.928" classname="com.sgtesting.Testng.Assignment8"/>
  <system-out/>
  <testcase name="loginAdmin" time="0.007" classname="com.sgtesting.Testng.Assignment8"/>
  <system-out/>
  <testcase name="minimizeFlyOutWindow" time="0.045" classname="com.sgtesting.Testng.Assignment8"/>
  <system-out/>
  <testcase name="create3Users" time="0.003" classname="com.sgtesting.Testng.Assignment8"/>
  <system-out/>
  <testcase name="loginandlogoutuser1" time="0.003" classname="com.sgtesting.Testng.Assignment8"/>
  <system-out/>
  <testcase name="loginandlogoutuser2" time="0.005" classname="com.sgtesting.Testng.Assignment8"/>
  <system-out/>
  <testcase name="loginandlogoutuser3" time="0.003" classname="com.sgtesting.Testng.Assignment8"/>
  <system-out/>
  <testcase name="deleteUser" time="0.003" classname="com.sgtesting.Testng.Assignment8"/>
  <system-out/>
  <testcase name="logout" time="0.053" classname="com.sgtesting.Testng.Assignment8"/>
  <system-out/>
  <testcase name="closebrowser" time="0.004" classname="com.sgtesting.Testng.Assignment8"/>
  <system-out/>
</testsuite> <!-- com.sgtesting.Testng.Assignment8 -->
