<?xml version="1.0" encoding="UTF-8"?>
<!-- Generated by org.testng.reporters.JUnitReportReporter -->
<testsuite skipped="0" hostname="DESKTOP-UQP0FL8" name="com.sgtesting.Testng.Assignment2" tests="9" failures="0" timestamp="2021-06-02T17:39:35 IST" time="85.523" errors="0">
  <testcase name="launchBrowser" time="7.623" classname="com.sgtesting.Testng.Assignment2"/>
  <system-out/>
  <testcase name="navigate" time="17.815" classname="com.sgtesting.Testng.Assignment2"/>
  <system-out/>
  <testcase name="login" time="2.547" classname="com.sgtesting.Testng.Assignment2"/>
  <system-out/>
  <testcase name="minimizeFlyOutWindow" time="25.814" classname="com.sgtesting.Testng.Assignment2"/>
  <system-out/>
  <testcase name="createUser" time="26.301" classname="com.sgtesting.Testng.Assignment2"/>
  <system-out/>
  <testcase name="modifyUser" time="0.070" classname="com.sgtesting.Testng.Assignment2"/>
  <system-out/>
  <testcase name="deleteUser" time="0.125" classname="com.sgtesting.Testng.Assignment2"/>
  <system-out/>
  <testcase name="logout" time="1.222" classname="com.sgtesting.Testng.Assignment2"/>
  <system-out/>
  <testcase name="closeApplication" time="4.006" classname="com.sgtesting.Testng.Assignment2"/>
  <system-out/>
</testsuite> <!-- com.sgtesting.Testng.Assignment2 -->
