<?xml version="1.0" encoding="UTF-8"?>
<!-- Generated by org.testng.reporters.JUnitReportReporter -->
<testsuite skipped="0" hostname="DESKTOP-UQP0FL8" name="com.sgtesting.Testng.Assignment4" tests="9" failures="0" timestamp="2021-06-02T17:39:35 IST" time="46.192" errors="0">
  <testcase name="launchBrowser" time="10.563" classname="com.sgtesting.Testng.Assignment4"/>
  <system-out/>
  <testcase name="navigate" time="11.131" classname="com.sgtesting.Testng.Assignment4"/>
  <system-out/>
  <testcase name="login" time="2.563" classname="com.sgtesting.Testng.Assignment4"/>
  <system-out/>
  <testcase name="minimizeFlyOutWindow" time="4.443" classname="com.sgtesting.Testng.Assignment4"/>
  <system-out/>
  <testcase name="createCustomer" time="8.035" classname="com.sgtesting.Testng.Assignment4"/>
  <system-out/>
  <testcase name="modifyCustomer" time="1.185" classname="com.sgtesting.Testng.Assignment4"/>
  <system-out/>
  <testcase name="deleteCustomer" time="1.261" classname="com.sgtesting.Testng.Assignment4"/>
  <system-out/>
  <testcase name="logout" time="1.645" classname="com.sgtesting.Testng.Assignment4"/>
  <system-out/>
  <testcase name="closeApplication" time="5.366" classname="com.sgtesting.Testng.Assignment4"/>
  <system-out/>
</testsuite> <!-- com.sgtesting.Testng.Assignment4 -->
