<?xml version="1.0" encoding="UTF-8"?>
<!-- Generated by org.testng.reporters.JUnitReportReporter -->
<testsuite skipped="0" hostname="DESKTOP-UQP0FL8" name="com.sgtesting.Testng.Assignment9" tests="31" failures="0" timestamp="2021-06-02T17:39:35 IST" time="23.888" errors="0">
  <testcase name="launchBrowser" time="9.928" classname="com.sgtesting.Testng.Assignment9"/>
  <system-out/>
  <testcase name="navigate" time="13.557" classname="com.sgtesting.Testng.Assignment9"/>
  <system-out/>
  <testcase name="loginAdmin" time="0.118" classname="com.sgtesting.Testng.Assignment9"/>
  <system-out/>
  <testcase name="minimizeFlyOutWindow" time="0.037" classname="com.sgtesting.Testng.Assignment9"/>
  <system-out/>
  <testcase name="createUser1" time="0.003" classname="com.sgtesting.Testng.Assignment9"/>
  <system-out/>
  <testcase name="logout1" time="0.004" classname="com.sgtesting.Testng.Assignment9"/>
  <system-out/>
  <testcase name="loginuser1" time="0.002" classname="com.sgtesting.Testng.Assignment9"/>
  <system-out/>
  <testcase name="createUser2" time="0.002" classname="com.sgtesting.Testng.Assignment9"/>
  <system-out/>
  <testcase name="logout2" time="0.002" classname="com.sgtesting.Testng.Assignment9"/>
  <system-out/>
  <testcase name="loginuser2" time="0.002" classname="com.sgtesting.Testng.Assignment9"/>
  <system-out/>
  <testcase name="createUser3" time="0.003" classname="com.sgtesting.Testng.Assignment9"/>
  <system-out/>
  <testcase name="logout3" time="0.015" classname="com.sgtesting.Testng.Assignment9"/>
  <system-out/>
  <testcase name="loginAdmin1" time="0.157" classname="com.sgtesting.Testng.Assignment9"/>
  <system-out/>
  <testcase name="modifyUser1" time="0.005" classname="com.sgtesting.Testng.Assignment9"/>
  <system-out/>
  <testcase name="logout4" time="0.007" classname="com.sgtesting.Testng.Assignment9"/>
  <system-out/>
  <testcase name="loginModifieduser1" time="0.004" classname="com.sgtesting.Testng.Assignment9"/>
  <system-out/>
  <testcase name="modifyUser2" time="0.003" classname="com.sgtesting.Testng.Assignment9"/>
  <system-out/>
  <testcase name="logout5" time="0.002" classname="com.sgtesting.Testng.Assignment9"/>
  <system-out/>
  <testcase name="loginModifieduser2" time="0.004" classname="com.sgtesting.Testng.Assignment9"/>
  <system-out/>
  <testcase name="modifyUser3" time="0.002" classname="com.sgtesting.Testng.Assignment9"/>
  <system-out/>
  <testcase name="logout6" time="0.003" classname="com.sgtesting.Testng.Assignment9"/>
  <system-out/>
  <testcase name="loginModifieduser3" time="0.003" classname="com.sgtesting.Testng.Assignment9"/>
  <system-out/>
  <testcase name="deleteuser3" time="0.003" classname="com.sgtesting.Testng.Assignment9"/>
  <system-out/>
  <testcase name="logout7" time="0.002" classname="com.sgtesting.Testng.Assignment9"/>
  <system-out/>
  <testcase name="loginModifieduser11" time="0.003" classname="com.sgtesting.Testng.Assignment9"/>
  <system-out/>
  <testcase name="deleteuser2" time="0.003" classname="com.sgtesting.Testng.Assignment9"/>
  <system-out/>
  <testcase name="logout8" time="0.003" classname="com.sgtesting.Testng.Assignment9"/>
  <system-out/>
  <testcase name="loginAdmin11" time="0.003" classname="com.sgtesting.Testng.Assignment9"/>
  <system-out/>
  <testcase name="deleteuser1" time="0.002" classname="com.sgtesting.Testng.Assignment9"/>
  <system-out/>
  <testcase name="logout" time="0.003" classname="com.sgtesting.Testng.Assignment9"/>
  <system-out/>
  <testcase name="closebrowser" time="0.003" classname="com.sgtesting.Testng.Assignment9"/>
  <system-out/>
</testsuite> <!-- com.sgtesting.Testng.Assignment9 -->
