<?xml version="1.0" encoding="UTF-8"?>
<!-- Generated by org.testng.reporters.JUnitReportReporter -->
<testsuite skipped="0" hostname="DESKTOP-UQP0FL8" name="com.sgtesting.Testng.Assignment3" tests="8" failures="0" timestamp="2021-06-02T17:39:35 IST" time="44.636" errors="0">
  <testcase name="launchBrowser" time="11.949" classname="com.sgtesting.Testng.Assignment3"/>
  <system-out/>
  <testcase name="navigate" time="8.311" classname="com.sgtesting.Testng.Assignment3"/>
  <system-out/>
  <testcase name="login" time="2.524" classname="com.sgtesting.Testng.Assignment3"/>
  <system-out/>
  <testcase name="minimizeFlyOutWindow" time="5.851" classname="com.sgtesting.Testng.Assignment3"/>
  <system-out/>
  <testcase name="createCustomer" time="9.854" classname="com.sgtesting.Testng.Assignment3"/>
  <system-out/>
  <testcase name="deleteCustomer" time="1.199" classname="com.sgtesting.Testng.Assignment3"/>
  <system-out/>
  <testcase name="logout" time="1.269" classname="com.sgtesting.Testng.Assignment3"/>
  <system-out/>
  <testcase name="closeApplication" time="3.679" classname="com.sgtesting.Testng.Assignment3"/>
  <system-out/>
</testsuite> <!-- com.sgtesting.Testng.Assignment3 -->
