<?xml version="1.0" encoding="UTF-8"?>
<!-- Generated by org.testng.reporters.JUnitReportReporter -->
<testsuite skipped="0" hostname="DESKTOP-UQP0FL8" name="com.sgtesting.Testng.Assignment6" tests="11" failures="0" timestamp="2021-06-02T17:39:35 IST" time="92.846" errors="0">
  <testcase name="launchBrowser" time="20.871" classname="com.sgtesting.Testng.Assignment6"/>
  <system-out/>
  <testcase name="navigate" time="21.695" classname="com.sgtesting.Testng.Assignment6"/>
  <system-out/>
  <testcase name="login" time="4.389" classname="com.sgtesting.Testng.Assignment6"/>
  <system-out/>
  <testcase name="minimizeFlyOutWindow" time="14.559" classname="com.sgtesting.Testng.Assignment6"/>
  <system-out/>
  <testcase name="createCustomer" time="14.212" classname="com.sgtesting.Testng.Assignment6"/>
  <system-out/>
  <testcase name="createProject" time="1.323" classname="com.sgtesting.Testng.Assignment6"/>
  <system-out/>
  <testcase name="modifyProject" time="1.418" classname="com.sgtesting.Testng.Assignment6"/>
  <system-out/>
  <testcase name="deleteProject" time="1.248" classname="com.sgtesting.Testng.Assignment6"/>
  <system-out/>
  <testcase name="deleteCustomer" time="1.224" classname="com.sgtesting.Testng.Assignment6"/>
  <system-out/>
  <testcase name="logout" time="1.308" classname="com.sgtesting.Testng.Assignment6"/>
  <system-out/>
  <testcase name="closeApplication" time="10.599" classname="com.sgtesting.Testng.Assignment6"/>
  <system-out/>
</testsuite> <!-- com.sgtesting.Testng.Assignment6 -->
